<?xml version="1.0" encoding="UTF-8"?>
<!-- Generated by org.testng.reporters.JUnitReportReporter -->
<testsuite hostname="Nandhu" failures="0" tests="1" name="LoanApplications.PersonalLoanApplicationTests" time="0.016" errors="0" timestamp="2022-09-27T12:52:08 IST" skipped="0">
  <testcase classname="LoanApplications.PersonalLoanApplicationTests" name="PersonalLoanLoginWeb" time="0.016"/>
  <system-out/>
</testsuite> <!-- LoanApplications.PersonalLoanApplicationTests -->
