<?xml version="1.0" encoding="UTF-8"?>
<!-- Generated by org.testng.reporters.JUnitReportReporter -->
<testsuite hostname="Nandhu" failures="0" tests="1" name="LoanApplications.HomeLoanApplicationTests" time="0.008" errors="0" timestamp="2022-09-27T12:52:08 IST" skipped="0">
  <testcase classname="LoanApplications.HomeLoanApplicationTests" name="APIHomeLoan" time="0.008"/>
  <system-out/>
</testsuite> <!-- LoanApplications.HomeLoanApplicationTests -->
