<?xml version="1.0" encoding="UTF-8"?>
<!-- Generated by org.testng.reporters.JUnitReportReporter -->
<testsuite hostname="Nandhu" failures="0" tests="3" name="LoanApplications.HomeLoanApplicationTests" time="0.016" errors="0" timestamp="2022-09-28T10:38:57 IST" skipped="0">
  <testcase classname="LoanApplications.HomeLoanApplicationTests" name="APIHomeLoan" time="0.011"/>
  <system-out/>
  <testcase classname="LoanApplications.HomeLoanApplicationTests" name="WebHomeLoan" time="0.002"/>
  <system-out/>
  <testcase classname="LoanApplications.HomeLoanApplicationTests" name="MobileHomeLoan" time="0.003"/>
  <system-out/>
</testsuite> <!-- LoanApplications.HomeLoanApplicationTests -->
