<?xml version="1.0" encoding="UTF-8"?>
<!-- Generated by org.testng.reporters.JUnitReportReporter -->
<testsuite hostname="Nandhu" failures="0" tests="3" name="LoanApplications.CarLoanApplicationTests" time="0.010" errors="0" timestamp="2022-09-28T10:38:57 IST" skipped="1">
  <testcase classname="LoanApplications.CarLoanApplicationTests" name="CarLoanLoginAPI" time="0.002"/>
  <system-out/>
  <testcase classname="LoanApplications.CarLoanApplicationTests" name="CarLoanLoginWeb" time="0.008"/>
  <system-out/>
  <testcase classname="LoanApplications.CarLoanApplicationTests" name="CarLoanLoginMobile">
    <skipped/>
  </testcase> <!-- CarLoanLoginMobile -->
  <system-out/>
</testsuite> <!-- LoanApplications.CarLoanApplicationTests -->
