<?xml version="1.0" encoding="UTF-8"?>
<!-- Generated by org.testng.reporters.JUnitReportReporter -->
<testsuite hostname="Nandhu" failures="0" tests="1" name="LoanApplications.CarLoanApplicationTests" time="0.005" errors="0" timestamp="2022-09-27T12:52:08 IST" skipped="0">
  <testcase classname="LoanApplications.CarLoanApplicationTests" name="CarLoanLoginMobile" time="0.005"/>
  <system-out/>
</testsuite> <!-- LoanApplications.CarLoanApplicationTests -->
