<?xml version="1.0" encoding="UTF-8"?>
<!-- Generated by org.testng.reporters.JUnitReportReporter -->
<testsuite hostname="Nandhu" failures="0" tests="3" name="LoanApplications.PersonalLoanApplicationTests" time="0.021" errors="0" timestamp="2022-09-28T10:38:57 IST" skipped="0">
  <testcase classname="LoanApplications.PersonalLoanApplicationTests" name="PersonalLoanLoginWeb" time="0.009"/>
  <system-out/>
  <testcase classname="LoanApplications.PersonalLoanApplicationTests" name="PersonalLoanLoginAPI" time="0.001"/>
  <system-out/>
  <testcase classname="LoanApplications.PersonalLoanApplicationTests" name="PersonalLoanLoginMobile" time="0.011"/>
  <system-out/>
</testsuite> <!-- LoanApplications.PersonalLoanApplicationTests -->
