<?xml version="1.0" encoding="UTF-8"?>
<!-- Generated by org.testng.reporters.JUnitReportReporter -->
<testsuite hostname="Nandhu" failures="0" tests="3" name="testpkg.ParamTest" time="0.025" errors="0" timestamp="2022-09-28T10:02:05 IST" skipped="0">
  <testcase classname="testpkg.ParamTest" name="applyForLoan" time="0.008"/>
  <system-out/>
  <testcase classname="testpkg.ParamTest" name="applyForLoan" time="0.005"/>
  <system-out/>
  <testcase classname="testpkg.ParamTest" name="applyForLoan" time="0.012"/>
  <system-out/>
</testsuite> <!-- testpkg.ParamTest -->
